<?xml version="1.0" encoding="UTF-8"?>
<testng-results skipped="0" failed="0" ignored="0" total="1" passed="1">
  <reporter-output>
    <line>
      <![CDATA[XL Data:Channa]]>
    </line>
    <line>
      <![CDATA[Demo test]]>
    </line>
  </reporter-output>
  <suite name="Suite" duration-ms="6257" started-at="2021-12-23T07:57:59 IST" finished-at="2021-12-23T07:58:05 IST">
    <groups>
    </groups>
    <test name="Test" duration-ms="6257" started-at="2021-12-23T07:57:59 IST" finished-at="2021-12-23T07:58:05 IST">
      <class name="scripts.Demo">
        <test-method status="PASS" signature="openApp()[pri:0, instance:scripts.Demo@74ea2410]" name="openApp" is-config="true" duration-ms="4560" started-at="2021-12-23T07:57:59 IST" finished-at="2021-12-23T07:58:04 IST">
          <reporter-output>
          </reporter-output>
        </test-method> <!-- openApp -->
        <test-method status="PASS" signature="testA()[pri:0, instance:scripts.Demo@74ea2410]" name="testA" duration-ms="786" started-at="2021-12-23T07:58:04 IST" finished-at="2021-12-23T07:58:04 IST">
          <reporter-output>
            <line>
              <![CDATA[XL Data:Channa]]>
            </line>
            <line>
              <![CDATA[Demo test]]>
            </line>
          </reporter-output>
        </test-method> <!-- testA -->
        <test-method status="PASS" signature="closeApp()[pri:0, instance:scripts.Demo@74ea2410]" name="closeApp" is-config="true" duration-ms="850" started-at="2021-12-23T07:58:04 IST" finished-at="2021-12-23T07:58:05 IST">
          <reporter-output>
          </reporter-output>
        </test-method> <!-- closeApp -->
      </class> <!-- scripts.Demo -->
    </test> <!-- Test -->
  </suite> <!-- Suite -->
</testng-results>
